FINISH INIT SOLVER
startThreads creating 1 threads.
starting thread 0
started thread 0 
argc=2
argv[0] = --unused
argv[1] = --start_demo_name=Physics Server
ExampleBrowserThreadFunc started
X11 functions dynamically loaded using dlopen/dlsym OK!
X11 functions dynamically loaded using dlopen/dlsym OK!
Creating context
Created GL 3.3 context
Direct GLX rendering context obtained
Making context current
GL_VENDOR=NVIDIA Corporation
GL_RENDERER=NVIDIA GeForce RTX 3080/PCIe/SSE2
GL_VERSION=3.3.0 NVIDIA 470.256.02
GL_SHADING_LANGUAGE_VERSION=3.30 NVIDIA via Cg compiler
pthread_getconcurrency()=0
Version = 3.3.0 NVIDIA 470.256.02
Vendor = NVIDIA Corporation
Renderer = NVIDIA GeForce RTX 3080/PCIe/SSE2
b3Printf: Selected demo: Physics Server
startThreads creating 1 threads.
starting thread 0
started thread 0 
MotionThreadFunc thread started
ven = NVIDIA Corporation
ven = NVIDIA Corporation
